<?xml version="1.0" encoding="UTF-8"?>
<!-- Generated by org.testng.reporters.JUnitXMLReporter -->
<testsuite ignored="0" hostname="sonu" failures="0" tests="4" name="Test" time="35.955" errors="0" timestamp="2021-12-12T23:11:09 IST">
  <testcase classname="easy.ValidateTitle" name="basePageNavigation" time="9.643"/>
  <testcase classname="easy.ValidateNavigationBar" name="basePageNavigation" time="6.512"/>
  <testcase classname="easy.HomePage" name="basePageNavigation" time="9.315"/>
  <testcase classname="easy.HomePage" name="basePageNavigation" time="10.399"/>
</testsuite> <!-- Test -->
