<?xml version="1.0" encoding="UTF-8"?>
<!-- Generated by org.testng.reporters.JUnitXMLReporter -->
<testsuite ignored="0" hostname="sonu" failures="1" tests="1" name="Test1" time="59.594" errors="0" timestamp="2021-12-14T15:36:03 IST">
  <testcase classname="easy.ValidateTitle" name="validateAppTitle" time="0.325">
    <failure type="java.lang.AssertionError" message="expected [FEATURED CO123URSES] but found [FEATURED COURSES]">
      <![CDATA[java.lang.AssertionError: expected [FEATURED CO123URSES] but found [FEATURED COURSES]
at easy.ValidateTitle.validateAppTitle(ValidateTitle.java:29)
at java.base/java.util.ArrayList.forEach(ArrayList.java:1541)
... Removed 33 stack frames]]>
    </failure>
  </testcase> <!-- validateAppTitle -->
</testsuite> <!-- Test1 -->
