-------------------------------------------------------------------------------
Test set: TestSuite
-------------------------------------------------------------------------------
Tests run: 4, Failures: 1, Errors: 0, Skipped: 0, Time elapsed: 92.124 s <<< FAILURE! - in TestSuite
easy.ValidateTitle.validateAppTitle  Time elapsed: 0.633 s  <<< FAILURE!
java.lang.AssertionError: expected [FEATURED CO123URSES] but found [FEATURED COURSES]
	at easy.ValidateTitle.validateAppTitle(ValidateTitle.java:29)

